#
# There is insufficient memory for the Java Runtime Environment to continue.
# Native memory allocation (malloc) failed to allocate 32744 bytes for ChunkPool::allocate
# Possible reasons:
#   The system is out of physical RAM or swap space
#   In 32 bit mode, the process size limit was hit
# Possible solutions:
#   Reduce memory load on the system
#   Increase physical memory or swap space
#   Check if swap backing store is full
#   Use 64 bit Java on a 64 bit OS
#   Decrease Java heap size (-Xmx/-Xms)
#   Decrease number of Java threads
#   Decrease Java thread stack sizes (-Xss)
#   Set larger code cache with -XX:ReservedCodeCacheSize=
# This output file may be truncated or incomplete.
#
#  Out of Memory Error (allocation.cpp:273), pid=6380, tid=0x0000000000001dd8
#
# JRE version: Java(TM) SE Runtime Environment (8.0_121-b13) (build 1.8.0_121-b13)
# Java VM: Java HotSpot(TM) 64-Bit Server VM (25.121-b13 mixed mode windows-amd64 compressed oops)
# Failed to write core dump. Minidumps are not enabled by default on client versions of Windows
#

---------------  T H R E A D  ---------------

Current thread (0x000000000294e000):  JavaThread "main" [_thread_in_vm, id=7640, stack(0x0000000002ab0000,0x0000000002bb0000)]

Stack: [0x0000000002ab0000,0x0000000002bb0000]
[error occurred during error reporting (printing stack bounds), id 0xc0000005]

Native frames: (J=compiled Java code, j=interpreted, Vv=VM code, C=native code)

Java frames: (J=compiled Java code, j=interpreted, Vv=VM code)
j  java.lang.ClassLoader.defineClass1(Ljava/lang/String;[BIILjava/security/ProtectionDomain;Ljava/lang/String;)Ljava/lang/Class;+0
j  java.lang.ClassLoader.defineClass(Ljava/lang/String;[BIILjava/security/ProtectionDomain;)Ljava/lang/Class;+27
j  java.security.SecureClassLoader.defineClass(Ljava/lang/String;[BIILjava/security/CodeSource;)Ljava/lang/Class;+12
j  java.net.URLClassLoader.defineClass(Ljava/lang/String;Lsun/misc/Resource;)Ljava/lang/Class;+138
j  java.net.URLClassLoader.access$100(Ljava/net/URLClassLoader;Ljava/lang/String;Lsun/misc/Resource;)Ljava/lang/Class;+3
j  java.net.URLClassLoader$1.run()Ljava/lang/Class;+43
j  java.net.URLClassLoader$1.run()Ljava/lang/Object;+1
v  ~StubRoutines::call_stub
j  java.security.AccessController.doPrivileged(Ljava/security/PrivilegedExceptionAction;Ljava/security/AccessControlContext;)Ljava/lang/Object;+0
j  java.net.URLClassLoader.findClass(Ljava/lang/String;)Ljava/lang/Class;+13
j  java.lang.ClassLoader.loadClass(Ljava/lang/String;Z)Ljava/lang/Class;+70
j  sun.misc.Launcher$AppClassLoader.loadClass(Ljava/lang/String;Z)Ljava/lang/Class;+81
j  java.lang.ClassLoader.loadClass(Ljava/lang/String;)Ljava/lang/Class;+3
v  ~StubRoutines::call_stub
j  java.lang.ClassLoader.defineClass1(Ljava/lang/String;[BIILjava/security/ProtectionDomain;Ljava/lang/String;)Ljava/lang/Class;+0
j  java.lang.ClassLoader.defineClass(Ljava/lang/String;[BIILjava/security/ProtectionDomain;)Ljava/lang/Class;+27
j  java.security.SecureClassLoader.defineClass(Ljava/lang/String;[BIILjava/security/CodeSource;)Ljava/lang/Class;+12
j  java.net.URLClassLoader.defineClass(Ljava/lang/String;Lsun/misc/Resource;)Ljava/lang/Class;+138
j  java.net.URLClassLoader.access$100(Ljava/net/URLClassLoader;Ljava/lang/String;Lsun/misc/Resource;)Ljava/lang/Class;+3
j  java.net.URLClassLoader$1.run()Ljava/lang/Class;+43
j  java.net.URLClassLoader$1.run()Ljava/lang/Object;+1
v  ~StubRoutines::call_stub
j  java.security.AccessController.doPrivileged(Ljava/security/PrivilegedExceptionAction;Ljava/security/AccessControlContext;)Ljava/lang/Object;+0
j  java.net.URLClassLoader.findClass(Ljava/lang/String;)Ljava/lang/Class;+13
j  java.lang.ClassLoader.loadClass(Ljava/lang/String;Z)Ljava/lang/Class;+70
j  sun.misc.Launcher$AppClassLoader.loadClass(Ljava/lang/String;Z)Ljava/lang/Class;+81
j  java.lang.ClassLoader.loadClass(Ljava/lang/String;)Ljava/lang/Class;+3
v  ~StubRoutines::call_stub
j  java.lang.Class.getDeclaredMethods0(Z)[Ljava/lang/reflect/Method;+0
j  java.lang.Class.privateGetDeclaredMethods(Z)[Ljava/lang/reflect/Method;+37
j  java.lang.Class.privateGetMethodRecursive(Ljava/lang/String;[Ljava/lang/Class;ZLjava/lang/Class$MethodArray;)Ljava/lang/reflect/Method;+2
j  java.lang.Class.getMethod0(Ljava/lang/String;[Ljava/lang/Class;Z)Ljava/lang/reflect/Method;+16
j  java.lang.Class.getMethod(Ljava/lang/String;[Ljava/lang/Class;)Ljava/lang/reflect/Method;+13
j  com.intellij.rt.execution.application.AppMain.main([Ljava/lang/String;)V+88
v  ~StubRoutines::call_stub

---------------  P R O C E S S  ---------------

Java Threads: ( => current thread )
  0x0000000017efb800 JavaThread "Monitor Ctrl-Break" daemon [_thread_in_native, id=6120, stack(0x0000000018500000,0x0000000018600000)]
  0x0000000017df1800 JavaThread "Service Thread" daemon [_thread_blocked, id=8004, stack(0x00000000181c0000,0x00000000182c0000)]
  0x0000000016454800 JavaThread "C1 CompilerThread2" daemon [_thread_blocked, id=7612, stack(0x0000000017cc0000,0x0000000017dc0000)]
  0x0000000016451800 JavaThread "C2 CompilerThread1" daemon [_thread_blocked, id=8036, stack(0x0000000017bc0000,0x0000000017cc0000)]
  0x000000001644e800 JavaThread "C2 CompilerThread0" daemon [_thread_blocked, id=3540, stack(0x0000000017ac0000,0x0000000017bc0000)]
  0x000000001644d000 JavaThread "Attach Listener" daemon [_thread_blocked, id=7992, stack(0x00000000179c0000,0x0000000017ac0000)]
  0x000000001644b800 JavaThread "Signal Dispatcher" daemon [_thread_blocked, id=8132, stack(0x00000000178c0000,0x00000000179c0000)]
  0x0000000016439800 JavaThread "Finalizer" daemon [_thread_blocked, id=848, stack(0x00000000176d0000,0x00000000177d0000)]
  0x0000000002ca2000 JavaThread "Reference Handler" daemon [_thread_blocked, id=4088, stack(0x00000000175d0000,0x00000000176d0000)]
=>0x000000000294e000 JavaThread "main" [_thread_in_vm, id=7640, stack(0x0000000002ab0000,0x0000000002bb0000)]

Other Threads:
  0x0000000016416800 VMThread [stack: 0x00000000174d0000,0x00000000175d0000] [id=7876]
  0x0000000017e15800 WatcherThread [stack: 0x00000000182c0000,0x00000000183c0000] [id=1860]

VM state:not at safepoint (normal execution)

VM Mutex/Monitor currently owned by a thread: None

Heap:
 PSYoungGen      total 28160K, used 5534K [0x00000000e1100000, 0x00000000e3000000, 0x0000000100000000)
  eden space 24576K, 22% used [0x00000000e1100000,0x00000000e1667b80,0x00000000e2900000)
  from space 3584K, 0% used [0x00000000e2c80000,0x00000000e2c80000,0x00000000e3000000)
  to   space 3584K, 0% used [0x00000000e2900000,0x00000000e2900000,0x00000000e2c80000)
 ParOldGen       total 64512K, used 0K [0x00000000a3200000, 0x00000000a7100000, 0x00000000e1100000)
  object space 64512K, 0% used [0x00000000a3200000,0x00000000a3200000,0x00000000a7100000)
 Metaspace       used 3907K, capacity 5048K, committed 5376K, reserved 1056768K
  class space    used 382K, capacity 424K, committed 512K, reserved 1048576K

Card table byte_map: [0x0000000012070000,0x0000000012360000] byte_map_base: 0x0000000011b57000

Marking Bits: (ParMarkBitMap*) 0x0000000076b6b6d0
 Begin Bits: [0x0000000012950000, 0x0000000014088000)
 End Bits:   [0x0000000014088000, 0x00000000157c0000)

Polling page: 0x0000000001350000

CodeCache: size=245760Kb used=1379Kb max_used=1390Kb free=244380Kb
 bounds [0x0000000002cb0000, 0x0000000002f20000, 0x0000000011cb0000]
 total_blobs=393 nmethods=148 adapters=159
 compilation: enabled

Compilation events (10 events):
Event: 0.305 Thread 0x0000000016454800  142       3       java.nio.charset.CharsetEncoder::implReset (1 bytes)
Event: 0.305 Thread 0x0000000016454800 nmethod 142 0x0000000002e04cd0 code [0x0000000002e04e20, 0x0000000002e04f70]
Event: 0.310 Thread 0x0000000016454800  145       3       java.nio.Buffer::checkIndex (22 bytes)
Event: 0.310 Thread 0x0000000016454800 nmethod 145 0x0000000002e08a10 code [0x0000000002e08b80, 0x0000000002e08dc8]
Event: 0.310 Thread 0x0000000016454800  147       3       java.util.Arrays::copyOf (19 bytes)
Event: 0.311 Thread 0x0000000016454800 nmethod 147 0x0000000002e08e90 code [0x0000000002e09000, 0x0000000002e09328]
Event: 0.311 Thread 0x0000000016454800  146       3       java.nio.DirectLongBufferU::ix (10 bytes)
Event: 0.311 Thread 0x0000000016454800 nmethod 146 0x0000000002e09450 code [0x0000000002e095a0, 0x0000000002e09710]
Event: 0.340 Thread 0x0000000016451800  148       4       java.lang.Math::min (11 bytes)
Event: 0.341 Thread 0x0000000016451800 nmethod 148 0x0000000002deafd0 code [0x0000000002deb100, 0x0000000002deb158]

GC Heap History (0 events):
No events

Deoptimization events (0 events):
No events

Internal exceptions (2 events):
Event: 0.063 Thread 0x000000000294e000 Exception <a 'java/lang/NoSuchMethodError': Method sun.misc.Unsafe.defineClass(Ljava/lang/String;[BII)Ljava/lang/Class; name or signature does not match> (0x00000000e1107ca8) thrown at [C:\re\workspace\8-2-build-windows-amd64-cygwin\jdk8u121\8372\hotspot\
Event: 0.063 Thread 0x000000000294e000 Exception <a 'java/lang/NoSuchMethodError': Method sun.misc.Unsafe.prefetchRead(Ljava/lang/Object;J)V name or signature does not match> (0x00000000e1107f90) thrown at [C:\re\workspace\8-2-build-windows-amd64-cygwin\jdk8u121\8372\hotspot\src\share\vm\prims

Events (10 events):
Event: 0.310 loading class scala/collection/GenSeq
Event: 0.310 loading class scala/collection/GenSeq done
Event: 0.311 loading class scala/collection/GenSeqLike
Event: 0.311 loading class scala/collection/GenSeqLike done
Event: 0.314 loading class scala/collection/SeqLike
Event: 0.314 loading class scala/collection/SeqLike done
Event: 0.340 loading class scala/collection/LinearSeq
Event: 0.340 loading class scala/collection/LinearSeq done
Event: 0.341 loading class scala/collection/LinearSeqLike
Event: 0.341 loading class scala/collection/LinearSeqLike done


Dynamic libraries:
0x00007ff7df830000 - 0x00007ff7df867000 	C:\Program Files\Java\jdk1.8.0_121\bin\java.exe
0x00007ffc61230000 - 0x00007ffc61401000 	C:\Windows\SYSTEM32\ntdll.dll
0x00007ffc60cd0000 - 0x00007ffc60d7b000 	C:\Windows\System32\KERNEL32.DLL
0x00007ffc5e5a0000 - 0x00007ffc5e7bd000 	C:\Windows\System32\KERNELBASE.dll
0x00007ffc5ee60000 - 0x00007ffc5ef02000 	C:\Windows\System32\ADVAPI32.dll
0x00007ffc5ed60000 - 0x00007ffc5edfe000 	C:\Windows\System32\msvcrt.dll
0x00007ffc5ee00000 - 0x00007ffc5ee59000 	C:\Windows\System32\sechost.dll
0x00007ffc5f340000 - 0x00007ffc5f461000 	C:\Windows\System32\RPCRT4.dll
0x00007ffc60fa0000 - 0x00007ffc61105000 	C:\Windows\System32\USER32.dll
0x00007ffc5d960000 - 0x00007ffc5d97e000 	C:\Windows\System32\win32u.dll
0x00007ffc60c80000 - 0x00007ffc60cb4000 	C:\Windows\System32\GDI32.dll
0x00007ffc5dce0000 - 0x00007ffc5de62000 	C:\Windows\System32\gdi32full.dll
0x00007ffc4e700000 - 0x00007ffc4e97a000 	C:\Windows\WinSxS\amd64_microsoft.windows.common-controls_6595b64144ccf1df_6.0.14393.953_none_42151e83c686086b\COMCTL32.dll
0x00007ffc5ea90000 - 0x00007ffc5ed58000 	C:\Windows\System32\combase.dll
0x00007ffc5d980000 - 0x00007ffc5da75000 	C:\Windows\System32\ucrtbase.dll
0x00007ffc5d8f0000 - 0x00007ffc5d95a000 	C:\Windows\System32\bcryptPrimitives.dll
0x00007ffc5ea60000 - 0x00007ffc5ea8e000 	C:\Windows\System32\IMM32.DLL
0x0000000076bf0000 - 0x0000000076cc2000 	C:\Program Files\Java\jdk1.8.0_121\jre\bin\msvcr100.dll
0x0000000076350000 - 0x0000000076beb000 	C:\Program Files\Java\jdk1.8.0_121\jre\bin\server\jvm.dll
0x00007ffc60d80000 - 0x00007ffc60d88000 	C:\Windows\System32\PSAPI.DLL
0x00007ffc46310000 - 0x00007ffc46319000 	C:\Windows\SYSTEM32\WSOCK32.dll
0x00007ffc5bb40000 - 0x00007ffc5bb63000 	C:\Windows\SYSTEM32\WINMM.dll
0x00007ffc60f30000 - 0x00007ffc60f9a000 	C:\Windows\System32\WS2_32.dll
0x00007ffc54aa0000 - 0x00007ffc54aaa000 	C:\Windows\SYSTEM32\VERSION.dll
0x0000000001320000 - 0x000000000134b000 	C:\Windows\SYSTEM32\WINMMBASE.dll
0x00007ffc5de70000 - 0x00007ffc5deb2000 	C:\Windows\System32\cfgmgr32.dll
0x0000000076340000 - 0x000000007634f000 	C:\Program Files\Java\jdk1.8.0_121\jre\bin\verify.dll
0x0000000076310000 - 0x0000000076339000 	C:\Program Files\Java\jdk1.8.0_121\jre\bin\java.dll
0x00000000762f0000 - 0x0000000076306000 	C:\Program Files\Java\jdk1.8.0_121\jre\bin\zip.dll
0x00007ffc5f4f0000 - 0x00007ffc609f8000 	C:\Windows\System32\SHELL32.dll
0x00007ffc5dec0000 - 0x00007ffc5e59a000 	C:\Windows\System32\windows.storage.dll
0x00007ffc5d6b0000 - 0x00007ffc5d6fc000 	C:\Windows\System32\powrprof.dll
0x00007ffc611d0000 - 0x00007ffc61222000 	C:\Windows\System32\shlwapi.dll
0x00007ffc5d700000 - 0x00007ffc5d70f000 	C:\Windows\System32\kernel.appcore.dll
0x00007ffc5dc30000 - 0x00007ffc5dcd9000 	C:\Windows\System32\shcore.dll
0x00007ffc5d690000 - 0x00007ffc5d6a4000 	C:\Windows\System32\profapi.dll
0x00007ffc5a7b0000 - 0x00007ffc5a7c0000 	C:\Program Files (x86)\JetBrains\IntelliJ IDEA Community Edition 2016.3.3\bin\breakgen64.dll
0x00000000762d0000 - 0x00000000762ea000 	C:\Program Files\Java\jdk1.8.0_121\jre\bin\net.dll
0x00007ffc5cfc0000 - 0x00007ffc5d01c000 	C:\Windows\system32\mswsock.dll

VM Arguments:
jvm_args: -Didea.launcher.port=7538 -Didea.launcher.bin.path=C:\Program Files (x86)\JetBrains\IntelliJ IDEA Community Edition 2016.3.3\bin -Dfile.encoding=UTF-8 
java_command: com.intellij.rt.execution.application.AppMain Clases.Application
java_class_path (initial): C:\Program Files\Java\jdk1.8.0_121\jre\lib\charsets.jar;C:\Program Files\Java\jdk1.8.0_121\jre\lib\deploy.jar;C:\Program Files\Java\jdk1.8.0_121\jre\lib\ext\access-bridge-64.jar;C:\Program Files\Java\jdk1.8.0_121\jre\lib\ext\cldrdata.jar;C:\Program Files\Java\jdk1.8.0_121\jre\lib\ext\dnsns.jar;C:\Program Files\Java\jdk1.8.0_121\jre\lib\ext\jaccess.jar;C:\Program Files\Java\jdk1.8.0_121\jre\lib\ext\jfxrt.jar;C:\Program Files\Java\jdk1.8.0_121\jre\lib\ext\localedata.jar;C:\Program Files\Java\jdk1.8.0_121\jre\lib\ext\nashorn.jar;C:\Program Files\Java\jdk1.8.0_121\jre\lib\ext\sunec.jar;C:\Program Files\Java\jdk1.8.0_121\jre\lib\ext\sunjce_provider.jar;C:\Program Files\Java\jdk1.8.0_121\jre\lib\ext\sunmscapi.jar;C:\Program Files\Java\jdk1.8.0_121\jre\lib\ext\sunpkcs11.jar;C:\Program Files\Java\jdk1.8.0_121\jre\lib\ext\zipfs.jar;C:\Program Files\Java\jdk1.8.0_121\jre\lib\javaws.jar;C:\Program Files\Java\jdk1.8.0_121\jre\lib\jce.jar;C:\Program Files\Java\jdk1.8.0_121\jre\lib\jfr.jar;C:\Program Files\Java\jdk1.8.0_121\jre\lib\jfxswt.jar;C:\Program Files\Java\jdk1.8.0_121\jre\lib\jsse.jar;C:\Program Files\Java\jdk1.8.0_121\jre\lib\management-agent.jar;C:\Program Files\Java\jdk1.8.0_121\jre\lib\plugin.jar;C:\Program Files\Java\jdk1.8.0_121\jre\lib\resources.jar;C:\Program Files\Java\jdk1.8.0_121\jre\lib\rt.jar;C:\Users\july1\Documents\Sliding_Puzzle\out\production\Sliding_Puzzle;C:\Program Files (x86)\scala\lib\scala-library.jar;C:\Program Files (x86)\scala\lib\scala-parser-combinators_2.12-1.0.5.jar;C:\Program Files (x86)\scala\lib\scala-reflect.jar;C:\Program Files (x86)\scala\lib\scala-swing_2.12-2.0.0.jar;C:\Program Files (x86)\scala\lib\scala-xml_2.12-1.0.6.jar;C:\Program Files (x86)\JetBrains\IntelliJ IDEA Community Edition 2016.3.3\lib\idea_rt.jar
Launcher Type: SUN_STANDARD

Environment Variables:
PATH=C:\ProgramData\Oracle\Java\javapath;C:\Program Files (x86)\Python36-32\Scripts\;C:\Program Files (x86)\Python36-32\;C:\Windows\system32;C:\Windows;C:\Windows\System32\Wbem;C:\Windows\System32\WindowsPowerShell\v1.0\;C:\Program Files (x86)\Brackets\command;C:\Program Files (x86)\Skype\Phone\;C:\Windows\system32\config\systemprofile\.dnx\bin;C:\Program Files\Microsoft DNX\Dnvm\;C:\Program Files (x86)\Windows Kits\10\Windows Performance Toolkit\;C:\Program Files (x86)\Microsoft SQL Server\130\DTS\Binn\;C:\Program Files (x86)\Microsoft SQL Server\130\Tools\Binn\;C:\Program Files (x86)\Microsoft SQL Server\Client SDK\ODBC\130\Tools\Binn\;C:\Program Files (x86)\Microsoft SQL Server\130\Tools\Binn\ManagementStudio\;C:\Program Files\MySQL\MySQL Utilities 1.6\;C:\Program Files\Microsoft SQL Server\130\Tools\Binn\;C:\Program Files\Microsoft SQL Server\130\DTS\Binn\;C:\Program Files\Microsoft SQL Server\Client SDK\ODBC\130\Tools\Binn\;C:\Program Files (x86)\Microsoft SQL Server\110\DTS\Binn\;C:\Program Files (x86)\Microsoft SQL Server\120\DTS\Binn\;C:\Program Files\Microsoft SQL Server\120\Tools\Binn\;C:\Users\july1\AppData\Local\Microsoft\WindowsApps;C:\Users\july1\AppData\Local\atom\bin
USERNAME=Julian
OS=Windows_NT
PROCESSOR_IDENTIFIER=Intel64 Family 6 Model 37 Stepping 5, GenuineIntel



---------------  S Y S T E M  ---------------

OS: Windows 10.0 , 64 bit Build 14393 (10.0.14393.0)

CPU:total 4 (2 cores per cpu, 2 threads per core) family 6 model 37 stepping 5, cmov, cx8, fxsr, mmx, sse, sse2, sse3, ssse3, sse4.1, sse4.2, popcnt, ht, tsc, tscinvbit

Memory: 4k page, physical 6085300k(1377688k free), swap 6085300k(6164k free)

vm_info: Java HotSpot(TM) 64-Bit Server VM (25.121-b13) for windows-amd64 JRE (1.8.0_121-b13), built on Dec 12 2016 18:21:36 by "java_re" with MS VC++ 10.0 (VS2010)

time: Sat May 27 11:41:20 2017
elapsed time: 0 seconds (0d 0h 0m 0s)

